<?xml version="1.0" encoding="UTF-8"?>
<testsuite xmlns:xsi="http://www.w3.org/2001/XMLSchema-instance" xsi:noNamespaceSchemaLocation="https://maven.apache.org/surefire/maven-surefire-plugin/xsd/surefire-test-report-3.0.xsd" version="3.0" name="TestSuite" time="12.883" tests="2" errors="0" skipped="0" failures="0">
  <properties>
[...]
</properties>
  <testcase name="runScenario[&quot;Costco search box Functionality Should work with a valid product name.&quot;, &quot;SearchBox Functionality&quot;](1)" classname="runner.RegressionTestRunner" time="6.578">
    <system-out><![CDATA[[DEBUG] suiteXmlPath: "C:\Users\msakt\IdeaProjects\LearnBDD_WebAutomationFramework\target\test-classes\CostcoRegressionTestRunner.xml"
[DEBUG] [Graph] ADDING NODE AbstractTestNGCucumberTests.setUpClass(org.testng.ITestContext)[pri:0, instance:null] -393284817
[DEBUG] [Graph] ================ SORTING
[DEBUG] [Graph] =============== DONE SORTING
[DEBUG] [Graph] ====== SORTED NODES
[DEBUG] [Graph] ====== END SORTED NODES
[DEBUG] [Graph] ADDING NODE AbstractTestNGCucumberTests.tearDownClass()[pri:0, instance:null] 1523153566
[DEBUG] [Graph] ================ SORTING
[DEBUG] [Graph] =============== DONE SORTING
[DEBUG] [Graph] ====== SORTED NODES
[DEBUG] [Graph] ====== END SORTED NODES
[DEBUG] [Graph] ADDING NODE AbstractTestNGCucumberTests.runScenario(io.cucumber.testng.PickleWrapper,io.cucumber.testng.FeatureWrapper)[pri:0, instance:runner.RegressionTestRunner@327bcebd] -303384690
[DEBUG] [Graph] ================ SORTING
[DEBUG] [Graph] =============== DONE SORTING
[DEBUG] [Graph] ====== SORTED NODES
[DEBUG] [Graph] ====== END SORTED NODES
***************** Automation Started *******************

@SmokeTest @RegressionTest
Scenario: Costco search box Functionality Should work with a valid product name. # src/test/java/features/SearchBox.feature:11
[DEBUG] Using SLF4J as the default logging framework
[DEBUG] -Dio.netty.leakDetection.level: simple
[DEBUG] -Dio.netty.leakDetection.targetRecords: 4
[DEBUG] Loaded default ResourceLeakDetector: io.netty.util.ResourceLeakDetector@5445f5ba
[DEBUG] -Dio.netty.noUnsafe: false
[DEBUG] Java version: 11
[DEBUG] sun.misc.Unsafe.theUnsafe: available
[DEBUG] sun.misc.Unsafe.copyMemory: available
[DEBUG] sun.misc.Unsafe.storeFence: available
[DEBUG] java.nio.Buffer.address: available
[DEBUG] direct buffer constructor: unavailable: Reflective setAccessible(true) disabled
[DEBUG] java.nio.Bits.unaligned: available, true
[DEBUG] jdk.internal.misc.Unsafe.allocateUninitializedArray(int): unavailable: class io.netty.util.internal.PlatformDependent0$7 cannot access class jdk.internal.misc.Unsafe (in module java.base) because module java.base does not export jdk.internal.misc to unnamed module @5ab14cb9
[DEBUG] java.nio.DirectByteBuffer.<init>(long, int): unavailable
[DEBUG] sun.misc.Unsafe: available
[DEBUG] maxDirectMemory: 4200595456 bytes (maybe)
[DEBUG] -Dio.netty.tmpdir: C:\Users\msakt\AppData\Local\Temp (java.io.tmpdir)
[DEBUG] -Dio.netty.bitMode: 64 (sun.arch.data.model)
[DEBUG] Platform: Windows
[DEBUG] -Dio.netty.maxDirectMemory: -1 bytes
[DEBUG] -Dio.netty.uninitializedArrayAllocationThreshold: -1
[DEBUG] java.nio.ByteBuffer.cleaner(): available
[DEBUG] -Dio.netty.noPreferDirect: false
[DEBUG] org.jctools-core.MpscChunkedArrayQueue: available
[DEBUG] -Dio.netty.threadLocalMap.stringBuilder.initialSize: 1024
[DEBUG] -Dio.netty.threadLocalMap.stringBuilder.maxSize: 4096
[DEBUG] Default protocols (JDK): [TLSv1.3, TLSv1.2] 
[DEBUG] Default cipher suites (JDK): [TLS_ECDHE_ECDSA_WITH_AES_256_GCM_SHA384, TLS_ECDHE_ECDSA_WITH_AES_128_GCM_SHA256, TLS_ECDHE_RSA_WITH_AES_128_GCM_SHA256, TLS_ECDHE_RSA_WITH_AES_256_GCM_SHA384, TLS_ECDHE_RSA_WITH_AES_128_CBC_SHA, TLS_ECDHE_RSA_WITH_AES_256_CBC_SHA, TLS_RSA_WITH_AES_128_GCM_SHA256, TLS_RSA_WITH_AES_128_CBC_SHA, TLS_RSA_WITH_AES_256_CBC_SHA, TLS_AES_128_GCM_SHA256, TLS_AES_256_GCM_SHA384]
[DEBUG] -Dio.netty.eventLoopThreads: 32
[DEBUG] -Dio.netty.noKeySetOptimization: false
[DEBUG] -Dio.netty.selectorAutoRebuildThreshold: 512
[DEBUG] -Dio.netty.allocator.numHeapArenas: 32
[DEBUG] -Dio.netty.allocator.numDirectArenas: 32
[DEBUG] -Dio.netty.allocator.pageSize: 8192
[DEBUG] -Dio.netty.allocator.maxOrder: 9
[DEBUG] -Dio.netty.allocator.chunkSize: 4194304
[DEBUG] -Dio.netty.allocator.smallCacheSize: 256
[DEBUG] -Dio.netty.allocator.normalCacheSize: 64
[DEBUG] -Dio.netty.allocator.maxCachedBufferCapacity: 32768
[DEBUG] -Dio.netty.allocator.cacheTrimInterval: 8192
[DEBUG] -Dio.netty.allocator.cacheTrimIntervalMillis: 0
[DEBUG] -Dio.netty.allocator.useCacheForAllThreads: false
[DEBUG] -Dio.netty.allocator.maxCachedByteBuffersPerChunk: 1023
[DEBUG] -Dio.netty.allocator.type: pooled
[DEBUG] -Dio.netty.threadLocalDirectBufferSize: 0
[DEBUG] -Dio.netty.maxThreadLocalCharBufferSize: 16384
[DEBUG] -Dio.netty.processId: 18140 (auto-detected)
[DEBUG] -Djava.net.preferIPv4Stack: false
[DEBUG] -Djava.net.preferIPv6Addresses: false
[DEBUG] Loopback interface: lo (Software Loopback Interface 1, 127.0.0.1)
[DEBUG] Failed to get SOMAXCONN from sysctl and file \proc\sys\net\core\somaxconn. Default: 200
[DEBUG] -Dio.netty.machineId: 80:45:dd:ff:fe:00:c9:d1 (auto-detected)
[DEBUG] -Dio.netty.buffer.checkAccessible: true
[DEBUG] -Dio.netty.buffer.checkBounds: true
[DEBUG] Loaded default ResourceLeakDetector: io.netty.util.ResourceLeakDetector@1b91905e
[DEBUG] Using new Channel '[id: 0xc9f2185d, L:/127.0.0.1:55606 - R:localhost/127.0.0.1:50095]' for 'POST' to '/session'
[DEBUG] -Dio.netty.recycler.maxCapacityPerThread: 4096
[DEBUG] -Dio.netty.recycler.ratio: 8
[DEBUG] -Dio.netty.recycler.chunkSize: 32
[DEBUG] -Dio.netty.recycler.blocking: false
[DEBUG] brotli4j not in the classpath; Brotli support will be unavailable.
[DEBUG] 

Request DefaultHttpRequest(decodeResult: success, version: HTTP/1.1)
POST /session HTTP/1.1
User-Agent: selenium/4.3.0 (java windows)
Content-Length: 365
Content-Type: application/json; charset=utf-8
host: localhost:50095
accept: */*

Response DefaultHttpResponse(decodeResult: success, version: HTTP/1.1)
HTTP/1.1 200 OK
Content-Type: application/json; charset=utf-8
cache-control: no-cache
content-length: 791

[DEBUG] Adding key: http://localhost:50095 for channel [id: 0xc9f2185d, L:/127.0.0.1:55606 - R:localhost/127.0.0.1:50095]
[DEBUG] Using new Channel '[id: 0x2d016046, L:/127.0.0.1:55615 - R:localhost/127.0.0.1:55607]' for 'GET' to '/json/version'
[DEBUG] 

Request DefaultFullHttpRequest(decodeResult: success, version: HTTP/1.1, content: EmptyByteBufBE)
GET /json/version HTTP/1.1
User-Agent: selenium/4.3.0 (java windows)
host: localhost:55607
accept: */*

Response DefaultHttpResponse(decodeResult: success, version: HTTP/1.1)
HTTP/1.1 200 OK
Content-Type: application/json; charset=UTF-8
content-length: 429

[DEBUG] Adding key: http://localhost:55607 for channel [id: 0x2d016046, L:/127.0.0.1:55615 - R:localhost/127.0.0.1:55607]
[DEBUG] -Dio.netty.initialSeedUniquifier: 0xe80630ad7dc80559
[DEBUG] Using new Channel '[id: 0x4b6f03ea, L:/127.0.0.1:55616 - R:localhost/127.0.0.1:55607]' for 'GET' to '/devtools/browser/87f56e33-5ff4-423f-9a1c-9a70049137fb'
[DEBUG] 

Request DefaultFullHttpRequest(decodeResult: success, version: HTTP/1.1, content: EmptyByteBufBE)
GET /devtools/browser/87f56e33-5ff4-423f-9a1c-9a70049137fb HTTP/1.1
upgrade: websocket
connection: upgrade
sec-websocket-key: YKPwvA5IqoZDU69yRGjwwQ==
sec-websocket-version: 13
origin: http://localhost:55607
host: localhost:55607
accept: */*
user-agent: AHC/2.1

Response DefaultHttpResponse(decodeResult: success, version: HTTP/1.1)
HTTP/1.1 101 WebSocket Protocol Handshake
Upgrade: WebSocket
Connection: Upgrade
Sec-WebSocket-Accept: V7xwnx2lxdcg2wwX9QgX5YSympY=

Browser : chrome
Url : https://www.costco.com/
[DEBUG] Using pooled Channel '[id: 0xc9f2185d, L:/127.0.0.1:55606 - R:localhost/127.0.0.1:50095]' for 'POST' to 'http://localhost:50095/session/203ce54dc3d5b998a8d432ccf3f5bfae/window/maximize'
[DEBUG] Using open Channel [id: 0xc9f2185d, L:/127.0.0.1:55606 - R:localhost/127.0.0.1:50095] for POST '/session/203ce54dc3d5b998a8d432ccf3f5bfae/window/maximize'
[DEBUG] 

Request DefaultHttpRequest(decodeResult: success, version: HTTP/1.1)
POST /session/203ce54dc3d5b998a8d432ccf3f5bfae/window/maximize HTTP/1.1
User-Agent: selenium/4.3.0 (java windows)
Content-Length: 3
Content-Type: application/json; charset=utf-8
host: localhost:50095
accept: */*

Response DefaultHttpResponse(decodeResult: success, version: HTTP/1.1)
HTTP/1.1 200 OK
Content-Type: application/json; charset=utf-8
cache-control: no-cache
content-length: 52

[DEBUG] Adding key: http://localhost:50095 for channel [id: 0xc9f2185d, L:/127.0.0.1:55606 - R:localhost/127.0.0.1:50095]
[DEBUG] Using pooled Channel '[id: 0xc9f2185d, L:/127.0.0.1:55606 - R:localhost/127.0.0.1:50095]' for 'POST' to 'http://localhost:50095/session/203ce54dc3d5b998a8d432ccf3f5bfae/timeouts'
[DEBUG] Using open Channel [id: 0xc9f2185d, L:/127.0.0.1:55606 - R:localhost/127.0.0.1:50095] for POST '/session/203ce54dc3d5b998a8d432ccf3f5bfae/timeouts'
[DEBUG] 

Request DefaultHttpRequest(decodeResult: success, version: HTTP/1.1)
POST /session/203ce54dc3d5b998a8d432ccf3f5bfae/timeouts HTTP/1.1
User-Agent: selenium/4.3.0 (java windows)
Content-Length: 23
Content-Type: application/json; charset=utf-8
host: localhost:50095
accept: */*

Response DefaultHttpResponse(decodeResult: success, version: HTTP/1.1)
HTTP/1.1 200 OK
Content-Type: application/json; charset=utf-8
cache-control: no-cache
content-length: 14

[DEBUG] Adding key: http://localhost:50095 for channel [id: 0xc9f2185d, L:/127.0.0.1:55606 - R:localhost/127.0.0.1:50095]
[DEBUG] Using pooled Channel '[id: 0xc9f2185d, L:/127.0.0.1:55606 - R:localhost/127.0.0.1:50095]' for 'POST' to 'http://localhost:50095/session/203ce54dc3d5b998a8d432ccf3f5bfae/timeouts'
[DEBUG] Using open Channel [id: 0xc9f2185d, L:/127.0.0.1:55606 - R:localhost/127.0.0.1:50095] for POST '/session/203ce54dc3d5b998a8d432ccf3f5bfae/timeouts'
[DEBUG] 

Request DefaultHttpRequest(decodeResult: success, version: HTTP/1.1)
POST /session/203ce54dc3d5b998a8d432ccf3f5bfae/timeouts HTTP/1.1
User-Agent: selenium/4.3.0 (java windows)
Content-Length: 23
Content-Type: application/json; charset=utf-8
host: localhost:50095
accept: */*

Response DefaultHttpResponse(decodeResult: success, version: HTTP/1.1)
HTTP/1.1 200 OK
Content-Type: application/json; charset=utf-8
cache-control: no-cache
content-length: 14

[DEBUG] Adding key: http://localhost:50095 for channel [id: 0xc9f2185d, L:/127.0.0.1:55606 - R:localhost/127.0.0.1:50095]
[DEBUG] Using pooled Channel '[id: 0xc9f2185d, L:/127.0.0.1:55606 - R:localhost/127.0.0.1:50095]' for 'DELETE' to 'http://localhost:50095/session/203ce54dc3d5b998a8d432ccf3f5bfae/cookie'
[DEBUG] Using open Channel [id: 0xc9f2185d, L:/127.0.0.1:55606 - R:localhost/127.0.0.1:50095] for DELETE '/session/203ce54dc3d5b998a8d432ccf3f5bfae/cookie'
[DEBUG] 

Request DefaultFullHttpRequest(decodeResult: success, version: HTTP/1.1, content: EmptyByteBufBE)
DELETE /session/203ce54dc3d5b998a8d432ccf3f5bfae/cookie HTTP/1.1
User-Agent: selenium/4.3.0 (java windows)
Content-Type: application/json; charset=utf-8
host: localhost:50095
accept: */*

Response DefaultHttpResponse(decodeResult: success, version: HTTP/1.1)
HTTP/1.1 200 OK
Content-Type: application/json; charset=utf-8
cache-control: no-cache
content-length: 14

[DEBUG] Adding key: http://localhost:50095 for channel [id: 0xc9f2185d, L:/127.0.0.1:55606 - R:localhost/127.0.0.1:50095]
[DEBUG] Using pooled Channel '[id: 0xc9f2185d, L:/127.0.0.1:55606 - R:localhost/127.0.0.1:50095]' for 'POST' to 'http://localhost:50095/session/203ce54dc3d5b998a8d432ccf3f5bfae/url'
[DEBUG] Using open Channel [id: 0xc9f2185d, L:/127.0.0.1:55606 - R:localhost/127.0.0.1:50095] for POST '/session/203ce54dc3d5b998a8d432ccf3f5bfae/url'
[DEBUG] Entry count for : http://localhost:55607 : 1
[DEBUG] Entry count for : http://localhost:55607 : 1
[DEBUG] 

Request DefaultHttpRequest(decodeResult: success, version: HTTP/1.1)
POST /session/203ce54dc3d5b998a8d432ccf3f5bfae/url HTTP/1.1
User-Agent: selenium/4.3.0 (java windows)
Content-Length: 53
Content-Type: application/json; charset=utf-8
host: localhost:50095
accept: */*

Response DefaultHttpResponse(decodeResult: success, version: HTTP/1.1)
HTTP/1.1 200 OK
Content-Type: application/json; charset=utf-8
cache-control: no-cache
content-length: 14

[DEBUG] Adding key: http://localhost:50095 for channel [id: 0xc9f2185d, L:/127.0.0.1:55606 - R:localhost/127.0.0.1:50095]
Costco home page landed
  Given user is landed on costco homepage                                        # stepdefinations.SearchBoxSteps.user_is_landed_on_costco_homepage()
[DEBUG] Using pooled Channel '[id: 0xc9f2185d, L:/127.0.0.1:55606 - R:localhost/127.0.0.1:50095]' for 'POST' to 'http://localhost:50095/session/203ce54dc3d5b998a8d432ccf3f5bfae/element'
[DEBUG] Using open Channel [id: 0xc9f2185d, L:/127.0.0.1:55606 - R:localhost/127.0.0.1:50095] for POST '/session/203ce54dc3d5b998a8d432ccf3f5bfae/element'
[DEBUG] 

Request DefaultHttpRequest(decodeResult: success, version: HTTP/1.1)
POST /session/203ce54dc3d5b998a8d432ccf3f5bfae/element HTTP/1.1
User-Agent: selenium/4.3.0 (java windows)
Content-Length: 72
Content-Type: application/json; charset=utf-8
host: localhost:50095
accept: */*

Response DefaultHttpResponse(decodeResult: success, version: HTTP/1.1)
HTTP/1.1 200 OK
Content-Type: application/json; charset=utf-8
cache-control: no-cache
content-length: 88

[DEBUG] Adding key: http://localhost:50095 for channel [id: 0xc9f2185d, L:/127.0.0.1:55606 - R:localhost/127.0.0.1:50095]
[DEBUG] Using pooled Channel '[id: 0xc9f2185d, L:/127.0.0.1:55606 - R:localhost/127.0.0.1:50095]' for 'POST' to 'http://localhost:50095/session/203ce54dc3d5b998a8d432ccf3f5bfae/element/fc693bcf-5b4a-4505-8b3e-784ae3402a9c/clear'
[DEBUG] Using open Channel [id: 0xc9f2185d, L:/127.0.0.1:55606 - R:localhost/127.0.0.1:50095] for POST '/session/203ce54dc3d5b998a8d432ccf3f5bfae/element/fc693bcf-5b4a-4505-8b3e-784ae3402a9c/clear'
[DEBUG] 

Request DefaultHttpRequest(decodeResult: success, version: HTTP/1.1)
POST /session/203ce54dc3d5b998a8d432ccf3f5bfae/element/fc693bcf-5b4a-4505-8b3e-784ae3402a9c/clear HTTP/1.1
User-Agent: selenium/4.3.0 (java windows)
Content-Length: 50
Content-Type: application/json; charset=utf-8
host: localhost:50095
accept: */*

Response DefaultHttpResponse(decodeResult: success, version: HTTP/1.1)
HTTP/1.1 200 OK
Content-Type: application/json; charset=utf-8
cache-control: no-cache
content-length: 14

[DEBUG] Adding key: http://localhost:50095 for channel [id: 0xc9f2185d, L:/127.0.0.1:55606 - R:localhost/127.0.0.1:50095]
[DEBUG] Using pooled Channel '[id: 0xc9f2185d, L:/127.0.0.1:55606 - R:localhost/127.0.0.1:50095]' for 'POST' to 'http://localhost:50095/session/203ce54dc3d5b998a8d432ccf3f5bfae/element'
[DEBUG] Using open Channel [id: 0xc9f2185d, L:/127.0.0.1:55606 - R:localhost/127.0.0.1:50095] for POST '/session/203ce54dc3d5b998a8d432ccf3f5bfae/element'
[DEBUG] 

Request DefaultHttpRequest(decodeResult: success, version: HTTP/1.1)
POST /session/203ce54dc3d5b998a8d432ccf3f5bfae/element HTTP/1.1
User-Agent: selenium/4.3.0 (java windows)
Content-Length: 72
Content-Type: application/json; charset=utf-8
host: localhost:50095
accept: */*

Response DefaultHttpResponse(decodeResult: success, version: HTTP/1.1)
HTTP/1.1 200 OK
Content-Type: application/json; charset=utf-8
cache-control: no-cache
content-length: 88

[DEBUG] Adding key: http://localhost:50095 for channel [id: 0xc9f2185d, L:/127.0.0.1:55606 - R:localhost/127.0.0.1:50095]
[DEBUG] Using pooled Channel '[id: 0xc9f2185d, L:/127.0.0.1:55606 - R:localhost/127.0.0.1:50095]' for 'POST' to 'http://localhost:50095/session/203ce54dc3d5b998a8d432ccf3f5bfae/element/fc693bcf-5b4a-4505-8b3e-784ae3402a9c/value'
[DEBUG] Using open Channel [id: 0xc9f2185d, L:/127.0.0.1:55606 - R:localhost/127.0.0.1:50095] for POST '/session/203ce54dc3d5b998a8d432ccf3f5bfae/element/fc693bcf-5b4a-4505-8b3e-784ae3402a9c/value'
[DEBUG] 

Request DefaultHttpRequest(decodeResult: success, version: HTTP/1.1)
POST /session/203ce54dc3d5b998a8d432ccf3f5bfae/element/fc693bcf-5b4a-4505-8b3e-784ae3402a9c/value HTTP/1.1
User-Agent: selenium/4.3.0 (java windows)
Content-Length: 171
Content-Type: application/json; charset=utf-8
host: localhost:50095
accept: */*

Response DefaultHttpResponse(decodeResult: success, version: HTTP/1.1)
HTTP/1.1 200 OK
Content-Type: application/json; charset=utf-8
cache-control: no-cache
content-length: 14

[DEBUG] Adding key: http://localhost:50095 for channel [id: 0xc9f2185d, L:/127.0.0.1:55606 - R:localhost/127.0.0.1:50095]
  And user enter valid product name                                              # stepdefinations.SearchBoxSteps.user_enter_valid_product_name()
[DEBUG] Using pooled Channel '[id: 0xc9f2185d, L:/127.0.0.1:55606 - R:localhost/127.0.0.1:50095]' for 'POST' to 'http://localhost:50095/session/203ce54dc3d5b998a8d432ccf3f5bfae/element'
[DEBUG] Using open Channel [id: 0xc9f2185d, L:/127.0.0.1:55606 - R:localhost/127.0.0.1:50095] for POST '/session/203ce54dc3d5b998a8d432ccf3f5bfae/element'
[DEBUG] 

Request DefaultHttpRequest(decodeResult: success, version: HTTP/1.1)
POST /session/203ce54dc3d5b998a8d432ccf3f5bfae/element HTTP/1.1
User-Agent: selenium/4.3.0 (java windows)
Content-Length: 104
Content-Type: application/json; charset=utf-8
host: localhost:50095
accept: */*

Response DefaultHttpResponse(decodeResult: success, version: HTTP/1.1)
HTTP/1.1 200 OK
Content-Type: application/json; charset=utf-8
cache-control: no-cache
content-length: 88

[DEBUG] Adding key: http://localhost:50095 for channel [id: 0xc9f2185d, L:/127.0.0.1:55606 - R:localhost/127.0.0.1:50095]
[DEBUG] Using pooled Channel '[id: 0xc9f2185d, L:/127.0.0.1:55606 - R:localhost/127.0.0.1:50095]' for 'POST' to 'http://localhost:50095/session/203ce54dc3d5b998a8d432ccf3f5bfae/element/deebc76b-b167-46af-9b07-9b54260010e6/click'
[DEBUG] Using open Channel [id: 0xc9f2185d, L:/127.0.0.1:55606 - R:localhost/127.0.0.1:50095] for POST '/session/203ce54dc3d5b998a8d432ccf3f5bfae/element/deebc76b-b167-46af-9b07-9b54260010e6/click'
[DEBUG] 

Request DefaultHttpRequest(decodeResult: success, version: HTTP/1.1)
POST /session/203ce54dc3d5b998a8d432ccf3f5bfae/element/deebc76b-b167-46af-9b07-9b54260010e6/click HTTP/1.1
User-Agent: selenium/4.3.0 (java windows)
Content-Length: 50
Content-Type: application/json; charset=utf-8
host: localhost:50095
accept: */*

Response DefaultHttpResponse(decodeResult: success, version: HTTP/1.1)
HTTP/1.1 200 OK
Content-Type: application/json; charset=utf-8
cache-control: no-cache
content-length: 14

[DEBUG] Adding key: http://localhost:50095 for channel [id: 0xc9f2185d, L:/127.0.0.1:55606 - R:localhost/127.0.0.1:50095]
  When user click on search button                                               # stepdefinations.SearchBoxSteps.user_click_on_search_button()
[DEBUG] Using pooled Channel '[id: 0xc9f2185d, L:/127.0.0.1:55606 - R:localhost/127.0.0.1:50095]' for 'POST' to 'http://localhost:50095/session/203ce54dc3d5b998a8d432ccf3f5bfae/element'
[DEBUG] Using open Channel [id: 0xc9f2185d, L:/127.0.0.1:55606 - R:localhost/127.0.0.1:50095] for POST '/session/203ce54dc3d5b998a8d432ccf3f5bfae/element'
[DEBUG] Entry count for : http://localhost:55607 : 1
[DEBUG] Entry count for : http://localhost:55607 : 1
[DEBUG] 

Request DefaultHttpRequest(decodeResult: success, version: HTTP/1.1)
POST /session/203ce54dc3d5b998a8d432ccf3f5bfae/element HTTP/1.1
User-Agent: selenium/4.3.0 (java windows)
Content-Length: 70
Content-Type: application/json; charset=utf-8
host: localhost:50095
accept: */*

Response DefaultHttpResponse(decodeResult: success, version: HTTP/1.1)
HTTP/1.1 200 OK
Content-Type: application/json; charset=utf-8
cache-control: no-cache
content-length: 88

[DEBUG] Adding key: http://localhost:50095 for channel [id: 0xc9f2185d, L:/127.0.0.1:55606 - R:localhost/127.0.0.1:50095]
[DEBUG] Using pooled Channel '[id: 0xc9f2185d, L:/127.0.0.1:55606 - R:localhost/127.0.0.1:50095]' for 'GET' to 'http://localhost:50095/session/203ce54dc3d5b998a8d432ccf3f5bfae/element/f0e2ec92-1590-48cd-bd0f-c9f73447d825/text'
[DEBUG] Using open Channel [id: 0xc9f2185d, L:/127.0.0.1:55606 - R:localhost/127.0.0.1:50095] for GET '/session/203ce54dc3d5b998a8d432ccf3f5bfae/element/f0e2ec92-1590-48cd-bd0f-c9f73447d825/text'
[DEBUG] 

Request DefaultFullHttpRequest(decodeResult: success, version: HTTP/1.1, content: EmptyByteBufBE)
GET /session/203ce54dc3d5b998a8d432ccf3f5bfae/element/f0e2ec92-1590-48cd-bd0f-c9f73447d825/text HTTP/1.1
User-Agent: selenium/4.3.0 (java windows)
Cache-Control: no-cache
Content-Type: application/json; charset=utf-8
host: localhost:50095
accept: */*

Response DefaultHttpResponse(decodeResult: success, version: HTTP/1.1)
HTTP/1.1 200 OK
Content-Type: application/json; charset=utf-8
cache-control: no-cache
content-length: 48

[DEBUG] Adding key: http://localhost:50095 for channel [id: 0xc9f2185d, L:/127.0.0.1:55606 - R:localhost/127.0.0.1:50095]
  Then user should see the valid product appears                                 # stepdefinations.SearchBoxSteps.user_should_see_the_valid_product_appears()
[DEBUG] Using pooled Channel '[id: 0xc9f2185d, L:/127.0.0.1:55606 - R:localhost/127.0.0.1:50095]' for 'DELETE' to 'http://localhost:50095/session/203ce54dc3d5b998a8d432ccf3f5bfae'
[DEBUG] Using open Channel [id: 0xc9f2185d, L:/127.0.0.1:55606 - R:localhost/127.0.0.1:50095] for DELETE '/session/203ce54dc3d5b998a8d432ccf3f5bfae'
[DEBUG] Channel Closed: [id: 0x4b6f03ea, L:/127.0.0.1:55616 ! R:localhost/127.0.0.1:55607] with attribute NettyResponseFuture{currentRetry=0,
	isDone=1,
	isCancelled=0,
	asyncHandler=org.asynchttpclient.ws.WebSocketUpgradeHandler@22878e76,
	nettyRequest=org.asynchttpclient.netty.request.NettyRequest@6d64dea7,
	future=java.util.concurrent.CompletableFuture@148c5f65[Completed normally],
	uri=ws://localhost:55607/devtools/browser/87f56e33-5ff4-423f-9a1c-9a70049137fb,
	keepAlive=true,
	redirectCount=0,
	timeoutsHolder=null,
	inAuth=0,
	touch=1659195335261}
[DEBUG] Closing Channel [id: 0x4b6f03ea, L:/127.0.0.1:55616 ! R:localhost/127.0.0.1:55607] 
[DEBUG] Unexpected I/O exception on channel [id: 0x2d016046, L:/127.0.0.1:55615 - R:localhost/127.0.0.1:55607]
java.io.IOException: An existing connection was forcibly closed by the remote host
	at java.base/sun.nio.ch.SocketDispatcher.read0(Native Method) ~[na:na]
	at java.base/sun.nio.ch.SocketDispatcher.read(SocketDispatcher.java:43) ~[na:na]
	at java.base/sun.nio.ch.IOUtil.readIntoNativeBuffer(IOUtil.java:276) ~[na:na]
	at java.base/sun.nio.ch.IOUtil.read(IOUtil.java:233) ~[na:na]
	at java.base/sun.nio.ch.IOUtil.read(IOUtil.java:223) ~[na:na]
	at java.base/sun.nio.ch.SocketChannelImpl.read(SocketChannelImpl.java:358) ~[na:na]
	at io.netty.buffer.PooledByteBuf.setBytes(PooledByteBuf.java:258) ~[netty-buffer-4.1.78.Final.jar:4.1.78.Final]
	at io.netty.buffer.AbstractByteBuf.writeBytes(AbstractByteBuf.java:1132) ~[netty-buffer-4.1.78.Final.jar:4.1.78.Final]
	at io.netty.channel.socket.nio.NioSocketChannel.doReadBytes(NioSocketChannel.java:357) ~[netty-transport-4.1.78.Final.jar:4.1.78.Final]
	at io.netty.channel.nio.AbstractNioByteChannel$NioByteUnsafe.read(AbstractNioByteChannel.java:151) ~[netty-transport-4.1.78.Final.jar:4.1.78.Final]
	at io.netty.channel.nio.NioEventLoop.processSelectedKey(NioEventLoop.java:722) ~[netty-transport-4.1.78.Final.jar:4.1.78.Final]
	at io.netty.channel.nio.NioEventLoop.processSelectedKeysOptimized(NioEventLoop.java:658) ~[netty-transport-4.1.78.Final.jar:4.1.78.Final]
	at io.netty.channel.nio.NioEventLoop.processSelectedKeys(NioEventLoop.java:584) ~[netty-transport-4.1.78.Final.jar:4.1.78.Final]
	at io.netty.channel.nio.NioEventLoop.run(NioEventLoop.java:496) ~[netty-transport-4.1.78.Final.jar:4.1.78.Final]
	at io.netty.util.concurrent.SingleThreadEventExecutor$4.run(SingleThreadEventExecutor.java:997) ~[netty-common-4.1.78.Final.jar:4.1.78.Final]
	at io.netty.util.internal.ThreadExecutorMap$2.run(ThreadExecutorMap.java:74) ~[netty-common-4.1.78.Final.jar:4.1.78.Final]
	at io.netty.util.concurrent.FastThreadLocalRunnable.run(FastThreadLocalRunnable.java:30) ~[netty-common-4.1.78.Final.jar:4.1.78.Final]
	at java.base/java.lang.Thread.run(Thread.java:834) ~[na:na]
[DEBUG] Closing Channel [id: 0x2d016046, L:/127.0.0.1:55615 - R:localhost/127.0.0.1:55607] 
[DEBUG] Channel Closed: [id: 0x2d016046, L:/127.0.0.1:55615 ! R:localhost/127.0.0.1:55607] with attribute DISCARD
[DEBUG] 

Request DefaultFullHttpRequest(decodeResult: success, version: HTTP/1.1, content: EmptyByteBufBE)
DELETE /session/203ce54dc3d5b998a8d432ccf3f5bfae HTTP/1.1
User-Agent: selenium/4.3.0 (java windows)
Content-Type: application/json; charset=utf-8
host: localhost:50095
accept: */*

Response DefaultHttpResponse(decodeResult: success, version: HTTP/1.1)
HTTP/1.1 200 OK
Content-Type: application/json; charset=utf-8
cache-control: no-cache
content-length: 14

[DEBUG] Adding key: http://localhost:50095 for channel [id: 0xc9f2185d, L:/127.0.0.1:55606 - R:localhost/127.0.0.1:50095]
[DEBUG] Channel Closed: [id: 0xc9f2185d, L:/127.0.0.1:55606 ! R:localhost/127.0.0.1:50095] with attribute DISCARD
]]></system-out>
    <system-err><![CDATA[Starting ChromeDriver 103.0.5060.53 (a1711811edd74ff1cf2150f36ffa3b0dae40b17f-refs/branch-heads/5060@{#853}) on port 50095
Only local connections are allowed.
Please see https://chromedriver.chromium.org/security-considerations for suggestions on keeping ChromeDriver safe.
ChromeDriver was started successfully.
Jul 30, 2022 11:35:35 AM org.openqa.selenium.remote.ProtocolHandshake createSession
INFO: Detected upstream dialect: W3C
Jul 30, 2022 11:35:35 AM org.openqa.selenium.devtools.CdpVersionFinder findNearestMatch
INFO: Found exact CDP implementation for version 103
]]></system-err>
  </testcase>
  <testcase name="runScenario[&quot;Costco search box Functionality Should not work with any invalid product name.&quot;, &quot;SearchBox Functionality&quot;](2)" classname="runner.RegressionTestRunner" time="4.08">
    <system-out><![CDATA[
@RegressionTest
Scenario: Costco search box Functionality Should not work with any invalid product name. # src/test/java/features/SearchBox.feature:17
[DEBUG] Entry count for : http://localhost:55607 : 1
[DEBUG] Entry count for : http://localhost:50095 : 1
[DEBUG] Adding Candidate expired Channel [id: 0x2d016046, L:/127.0.0.1:55615 ! R:localhost/127.0.0.1:55607] isIdleTimeoutExpired=false isRemotelyClosed=true isTtlExpired=false
[DEBUG] Closing Idle Channel [id: 0x2d016046, L:/127.0.0.1:55615 ! R:localhost/127.0.0.1:55607]
[DEBUG] Adding Candidate expired Channel [id: 0xc9f2185d, L:/127.0.0.1:55606 ! R:localhost/127.0.0.1:50095] isIdleTimeoutExpired=false isRemotelyClosed=true isTtlExpired=false
[DEBUG] Closing Idle Channel [id: 0xc9f2185d, L:/127.0.0.1:55606 ! R:localhost/127.0.0.1:50095]
[DEBUG] Closed 2 connections out of 2 in 0 ms
[DEBUG] Using new Channel '[id: 0x76103b47, L:/127.0.0.1:55735 - R:localhost/127.0.0.1:49947]' for 'POST' to '/session'
[DEBUG] 

Request DefaultHttpRequest(decodeResult: success, version: HTTP/1.1)
POST /session HTTP/1.1
User-Agent: selenium/4.3.0 (java windows)
Content-Length: 365
Content-Type: application/json; charset=utf-8
host: localhost:49947
accept: */*

Response DefaultHttpResponse(decodeResult: success, version: HTTP/1.1)
HTTP/1.1 200 OK
Content-Type: application/json; charset=utf-8
cache-control: no-cache
content-length: 790

[DEBUG] Adding key: http://localhost:49947 for channel [id: 0x76103b47, L:/127.0.0.1:55735 - R:localhost/127.0.0.1:49947]
[DEBUG] Using new Channel '[id: 0xd5c7c3d3, L:/127.0.0.1:55744 - R:localhost/127.0.0.1:55736]' for 'GET' to '/json/version'
[DEBUG] 

Request DefaultFullHttpRequest(decodeResult: success, version: HTTP/1.1, content: EmptyByteBufBE)
GET /json/version HTTP/1.1
User-Agent: selenium/4.3.0 (java windows)
host: localhost:55736
accept: */*

Response DefaultHttpResponse(decodeResult: success, version: HTTP/1.1)
HTTP/1.1 200 OK
Content-Type: application/json; charset=UTF-8
content-length: 429

[DEBUG] Adding key: http://localhost:55736 for channel [id: 0xd5c7c3d3, L:/127.0.0.1:55744 - R:localhost/127.0.0.1:55736]
[DEBUG] Using new Channel '[id: 0x7e6f3dbe, L:/127.0.0.1:55745 - R:localhost/127.0.0.1:55736]' for 'GET' to '/devtools/browser/a1ac187f-88f6-4ce9-bc16-25024d798e6d'
[DEBUG] 

Request DefaultFullHttpRequest(decodeResult: success, version: HTTP/1.1, content: EmptyByteBufBE)
GET /devtools/browser/a1ac187f-88f6-4ce9-bc16-25024d798e6d HTTP/1.1
upgrade: websocket
connection: upgrade
sec-websocket-key: g2cpjTSk+8ESnahoLrIJQQ==
sec-websocket-version: 13
origin: http://localhost:55736
host: localhost:55736
accept: */*
user-agent: AHC/2.1

Response DefaultHttpResponse(decodeResult: success, version: HTTP/1.1)
HTTP/1.1 101 WebSocket Protocol Handshake
Upgrade: WebSocket
Connection: Upgrade
Sec-WebSocket-Accept: psztU2yC3HsNPetz9QQLcwYosC0=

Browser : chrome
Url : https://www.costco.com/
[DEBUG] Using pooled Channel '[id: 0x76103b47, L:/127.0.0.1:55735 - R:localhost/127.0.0.1:49947]' for 'POST' to 'http://localhost:49947/session/652cb81737a8f9bca9493377c33d7b1e/window/maximize'
[DEBUG] Using open Channel [id: 0x76103b47, L:/127.0.0.1:55735 - R:localhost/127.0.0.1:49947] for POST '/session/652cb81737a8f9bca9493377c33d7b1e/window/maximize'
[DEBUG] 

Request DefaultHttpRequest(decodeResult: success, version: HTTP/1.1)
POST /session/652cb81737a8f9bca9493377c33d7b1e/window/maximize HTTP/1.1
User-Agent: selenium/4.3.0 (java windows)
Content-Length: 3
Content-Type: application/json; charset=utf-8
host: localhost:49947
accept: */*

Response DefaultHttpResponse(decodeResult: success, version: HTTP/1.1)
HTTP/1.1 200 OK
Content-Type: application/json; charset=utf-8
cache-control: no-cache
content-length: 52

[DEBUG] Adding key: http://localhost:49947 for channel [id: 0x76103b47, L:/127.0.0.1:55735 - R:localhost/127.0.0.1:49947]
[DEBUG] Using pooled Channel '[id: 0x76103b47, L:/127.0.0.1:55735 - R:localhost/127.0.0.1:49947]' for 'POST' to 'http://localhost:49947/session/652cb81737a8f9bca9493377c33d7b1e/timeouts'
[DEBUG] Using open Channel [id: 0x76103b47, L:/127.0.0.1:55735 - R:localhost/127.0.0.1:49947] for POST '/session/652cb81737a8f9bca9493377c33d7b1e/timeouts'
[DEBUG] 

Request DefaultHttpRequest(decodeResult: success, version: HTTP/1.1)
POST /session/652cb81737a8f9bca9493377c33d7b1e/timeouts HTTP/1.1
User-Agent: selenium/4.3.0 (java windows)
Content-Length: 23
Content-Type: application/json; charset=utf-8
host: localhost:49947
accept: */*

Response DefaultHttpResponse(decodeResult: success, version: HTTP/1.1)
HTTP/1.1 200 OK
Content-Type: application/json; charset=utf-8
cache-control: no-cache
content-length: 14

[DEBUG] Adding key: http://localhost:49947 for channel [id: 0x76103b47, L:/127.0.0.1:55735 - R:localhost/127.0.0.1:49947]
[DEBUG] Using pooled Channel '[id: 0x76103b47, L:/127.0.0.1:55735 - R:localhost/127.0.0.1:49947]' for 'POST' to 'http://localhost:49947/session/652cb81737a8f9bca9493377c33d7b1e/timeouts'
[DEBUG] Using open Channel [id: 0x76103b47, L:/127.0.0.1:55735 - R:localhost/127.0.0.1:49947] for POST '/session/652cb81737a8f9bca9493377c33d7b1e/timeouts'
[DEBUG] 

Request DefaultHttpRequest(decodeResult: success, version: HTTP/1.1)
POST /session/652cb81737a8f9bca9493377c33d7b1e/timeouts HTTP/1.1
User-Agent: selenium/4.3.0 (java windows)
Content-Length: 23
Content-Type: application/json; charset=utf-8
host: localhost:49947
accept: */*

Response DefaultHttpResponse(decodeResult: success, version: HTTP/1.1)
HTTP/1.1 200 OK
Content-Type: application/json; charset=utf-8
cache-control: no-cache
content-length: 14

[DEBUG] Adding key: http://localhost:49947 for channel [id: 0x76103b47, L:/127.0.0.1:55735 - R:localhost/127.0.0.1:49947]
[DEBUG] Using pooled Channel '[id: 0x76103b47, L:/127.0.0.1:55735 - R:localhost/127.0.0.1:49947]' for 'DELETE' to 'http://localhost:49947/session/652cb81737a8f9bca9493377c33d7b1e/cookie'
[DEBUG] Using open Channel [id: 0x76103b47, L:/127.0.0.1:55735 - R:localhost/127.0.0.1:49947] for DELETE '/session/652cb81737a8f9bca9493377c33d7b1e/cookie'
[DEBUG] 

Request DefaultFullHttpRequest(decodeResult: success, version: HTTP/1.1, content: EmptyByteBufBE)
DELETE /session/652cb81737a8f9bca9493377c33d7b1e/cookie HTTP/1.1
User-Agent: selenium/4.3.0 (java windows)
Content-Type: application/json; charset=utf-8
host: localhost:49947
accept: */*

Response DefaultHttpResponse(decodeResult: success, version: HTTP/1.1)
HTTP/1.1 200 OK
Content-Type: application/json; charset=utf-8
cache-control: no-cache
content-length: 14

[DEBUG] Adding key: http://localhost:49947 for channel [id: 0x76103b47, L:/127.0.0.1:55735 - R:localhost/127.0.0.1:49947]
[DEBUG] Using pooled Channel '[id: 0x76103b47, L:/127.0.0.1:55735 - R:localhost/127.0.0.1:49947]' for 'POST' to 'http://localhost:49947/session/652cb81737a8f9bca9493377c33d7b1e/url'
[DEBUG] Using open Channel [id: 0x76103b47, L:/127.0.0.1:55735 - R:localhost/127.0.0.1:49947] for POST '/session/652cb81737a8f9bca9493377c33d7b1e/url'
[DEBUG] Entry count for : http://localhost:55736 : 1
[DEBUG] Entry count for : http://localhost:55736 : 1
[DEBUG] 

Request DefaultHttpRequest(decodeResult: success, version: HTTP/1.1)
POST /session/652cb81737a8f9bca9493377c33d7b1e/url HTTP/1.1
User-Agent: selenium/4.3.0 (java windows)
Content-Length: 53
Content-Type: application/json; charset=utf-8
host: localhost:49947
accept: */*

Response DefaultHttpResponse(decodeResult: success, version: HTTP/1.1)
HTTP/1.1 200 OK
Content-Type: application/json; charset=utf-8
cache-control: no-cache
content-length: 14

[DEBUG] Adding key: http://localhost:49947 for channel [id: 0x76103b47, L:/127.0.0.1:55735 - R:localhost/127.0.0.1:49947]
Costco home page landed
  Given user is landed on costco homepage                                                # stepdefinations.SearchBoxSteps.user_is_landed_on_costco_homepage()
  And user is enter Invalid product name                                                 # stepdefinations.SearchBoxSteps.user_is_enter_invalid_product_name()
[DEBUG] Using pooled Channel '[id: 0x76103b47, L:/127.0.0.1:55735 - R:localhost/127.0.0.1:49947]' for 'POST' to 'http://localhost:49947/session/652cb81737a8f9bca9493377c33d7b1e/element'
[DEBUG] Using open Channel [id: 0x76103b47, L:/127.0.0.1:55735 - R:localhost/127.0.0.1:49947] for POST '/session/652cb81737a8f9bca9493377c33d7b1e/element'
[DEBUG] 

Request DefaultHttpRequest(decodeResult: success, version: HTTP/1.1)
POST /session/652cb81737a8f9bca9493377c33d7b1e/element HTTP/1.1
User-Agent: selenium/4.3.0 (java windows)
Content-Length: 104
Content-Type: application/json; charset=utf-8
host: localhost:49947
accept: */*

Response DefaultHttpResponse(decodeResult: success, version: HTTP/1.1)
HTTP/1.1 200 OK
Content-Type: application/json; charset=utf-8
cache-control: no-cache
content-length: 88

[DEBUG] Adding key: http://localhost:49947 for channel [id: 0x76103b47, L:/127.0.0.1:55735 - R:localhost/127.0.0.1:49947]
[DEBUG] Using pooled Channel '[id: 0x76103b47, L:/127.0.0.1:55735 - R:localhost/127.0.0.1:49947]' for 'POST' to 'http://localhost:49947/session/652cb81737a8f9bca9493377c33d7b1e/element/6f854e84-fefd-4c7a-997f-3e361d4a2f68/click'
[DEBUG] Using open Channel [id: 0x76103b47, L:/127.0.0.1:55735 - R:localhost/127.0.0.1:49947] for POST '/session/652cb81737a8f9bca9493377c33d7b1e/element/6f854e84-fefd-4c7a-997f-3e361d4a2f68/click'
[DEBUG] 

Request DefaultHttpRequest(decodeResult: success, version: HTTP/1.1)
POST /session/652cb81737a8f9bca9493377c33d7b1e/element/6f854e84-fefd-4c7a-997f-3e361d4a2f68/click HTTP/1.1
User-Agent: selenium/4.3.0 (java windows)
Content-Length: 50
Content-Type: application/json; charset=utf-8
host: localhost:49947
accept: */*

Response DefaultHttpResponse(decodeResult: success, version: HTTP/1.1)
HTTP/1.1 200 OK
Content-Type: application/json; charset=utf-8
cache-control: no-cache
content-length: 14

[DEBUG] Adding key: http://localhost:49947 for channel [id: 0x76103b47, L:/127.0.0.1:55735 - R:localhost/127.0.0.1:49947]
  When user click on search button                                                       # stepdefinations.SearchBoxSteps.user_click_on_search_button()
  Then user should see the partial matched valid product appears                         # stepdefinations.SearchBoxSteps.user_should_see_the_partial_matched_valid_product_appears()
  But user should not see the Invalid product appears                                    # stepdefinations.SearchBoxSteps.user_should_not_see_the_invalid_product_appears()
[DEBUG] Entry count for : http://localhost:55736 : 1
[DEBUG] Entry count for : http://localhost:49947 : 1
[DEBUG] Channel Closed: [id: 0x7e6f3dbe, L:/127.0.0.1:55745 ! R:localhost/127.0.0.1:55736] with attribute NettyResponseFuture{currentRetry=0,
	isDone=1,
	isCancelled=0,
	asyncHandler=org.asynchttpclient.ws.WebSocketUpgradeHandler@5753c098,
	nettyRequest=org.asynchttpclient.netty.request.NettyRequest@12515416,
	future=java.util.concurrent.CompletableFuture@12a5595f[Completed normally],
	uri=ws://localhost:55736/devtools/browser/a1ac187f-88f6-4ce9-bc16-25024d798e6d,
	keepAlive=true,
	redirectCount=0,
	timeoutsHolder=null,
	inAuth=0,
	touch=1659195341042}
[DEBUG] Closing Channel [id: 0x7e6f3dbe, L:/127.0.0.1:55745 ! R:localhost/127.0.0.1:55736] 
[DEBUG] Using pooled Channel '[id: 0x76103b47, L:/127.0.0.1:55735 - R:localhost/127.0.0.1:49947]' for 'DELETE' to 'http://localhost:49947/session/652cb81737a8f9bca9493377c33d7b1e'
[DEBUG] Using open Channel [id: 0x76103b47, L:/127.0.0.1:55735 - R:localhost/127.0.0.1:49947] for DELETE '/session/652cb81737a8f9bca9493377c33d7b1e'
[DEBUG] Unexpected I/O exception on channel [id: 0xd5c7c3d3, L:/127.0.0.1:55744 - R:localhost/127.0.0.1:55736]
java.io.IOException: An existing connection was forcibly closed by the remote host
	at java.base/sun.nio.ch.SocketDispatcher.read0(Native Method) ~[na:na]
	at java.base/sun.nio.ch.SocketDispatcher.read(SocketDispatcher.java:43) ~[na:na]
	at java.base/sun.nio.ch.IOUtil.readIntoNativeBuffer(IOUtil.java:276) ~[na:na]
	at java.base/sun.nio.ch.IOUtil.read(IOUtil.java:233) ~[na:na]
	at java.base/sun.nio.ch.IOUtil.read(IOUtil.java:223) ~[na:na]
	at java.base/sun.nio.ch.SocketChannelImpl.read(SocketChannelImpl.java:358) ~[na:na]
	at io.netty.buffer.PooledByteBuf.setBytes(PooledByteBuf.java:258) ~[netty-buffer-4.1.78.Final.jar:4.1.78.Final]
	at io.netty.buffer.AbstractByteBuf.writeBytes(AbstractByteBuf.java:1132) ~[netty-buffer-4.1.78.Final.jar:4.1.78.Final]
	at io.netty.channel.socket.nio.NioSocketChannel.doReadBytes(NioSocketChannel.java:357) ~[netty-transport-4.1.78.Final.jar:4.1.78.Final]
	at io.netty.channel.nio.AbstractNioByteChannel$NioByteUnsafe.read(AbstractNioByteChannel.java:151) ~[netty-transport-4.1.78.Final.jar:4.1.78.Final]
	at io.netty.channel.nio.NioEventLoop.processSelectedKey(NioEventLoop.java:722) ~[netty-transport-4.1.78.Final.jar:4.1.78.Final]
	at io.netty.channel.nio.NioEventLoop.processSelectedKeysOptimized(NioEventLoop.java:658) ~[netty-transport-4.1.78.Final.jar:4.1.78.Final]
	at io.netty.channel.nio.NioEventLoop.processSelectedKeys(NioEventLoop.java:584) ~[netty-transport-4.1.78.Final.jar:4.1.78.Final]
	at io.netty.channel.nio.NioEventLoop.run(NioEventLoop.java:496) ~[netty-transport-4.1.78.Final.jar:4.1.78.Final]
	at io.netty.util.concurrent.SingleThreadEventExecutor$4.run(SingleThreadEventExecutor.java:997) ~[netty-common-4.1.78.Final.jar:4.1.78.Final]
	at io.netty.util.internal.ThreadExecutorMap$2.run(ThreadExecutorMap.java:74) ~[netty-common-4.1.78.Final.jar:4.1.78.Final]
	at io.netty.util.concurrent.FastThreadLocalRunnable.run(FastThreadLocalRunnable.java:30) ~[netty-common-4.1.78.Final.jar:4.1.78.Final]
	at java.base/java.lang.Thread.run(Thread.java:834) ~[na:na]
[DEBUG] Closing Channel [id: 0xd5c7c3d3, L:/127.0.0.1:55744 - R:localhost/127.0.0.1:55736] 
[DEBUG] Channel Closed: [id: 0xd5c7c3d3, L:/127.0.0.1:55744 ! R:localhost/127.0.0.1:55736] with attribute DISCARD
[DEBUG] 

Request DefaultFullHttpRequest(decodeResult: success, version: HTTP/1.1, content: EmptyByteBufBE)
DELETE /session/652cb81737a8f9bca9493377c33d7b1e HTTP/1.1
User-Agent: selenium/4.3.0 (java windows)
Content-Type: application/json; charset=utf-8
host: localhost:49947
accept: */*

Response DefaultHttpResponse(decodeResult: success, version: HTTP/1.1)
HTTP/1.1 200 OK
Content-Type: application/json; charset=utf-8
cache-control: no-cache
content-length: 14

[DEBUG] Adding key: http://localhost:49947 for channel [id: 0x76103b47, L:/127.0.0.1:55735 - R:localhost/127.0.0.1:49947]
[DEBUG] Channel Closed: [id: 0x76103b47, L:/127.0.0.1:55735 ! R:localhost/127.0.0.1:49947] with attribute DISCARD
]]></system-out>
    <system-err><![CDATA[Starting ChromeDriver 103.0.5060.53 (a1711811edd74ff1cf2150f36ffa3b0dae40b17f-refs/branch-heads/5060@{#853}) on port 49947
Only local connections are allowed.
Please see https://chromedriver.chromium.org/security-considerations for suggestions on keeping ChromeDriver safe.
ChromeDriver was started successfully.
Jul 30, 2022 11:35:41 AM org.openqa.selenium.remote.ProtocolHandshake createSession
INFO: Detected upstream dialect: W3C
Jul 30, 2022 11:35:41 AM org.openqa.selenium.devtools.CdpVersionFinder findNearestMatch
INFO: Found exact CDP implementation for version 103
]]></system-err>
  </testcase>
</testsuite>