<?xml version="1.0" encoding="UTF-8"?>
<testng-results ignored="0" total="2" passed="2" failed="0" skipped="0">
  <reporter-output>
    <line>
      <![CDATA[Browser : chrome]]>
    </line>
    <line>
      <![CDATA[Url : https://www.costco.com/]]>
    </line>
    <line>
      <![CDATA[Browser : chrome]]>
    </line>
    <line>
      <![CDATA[Url : https://www.costco.com/]]>
    </line>
  </reporter-output>
  <suite started-at="2022-07-30T11:35:33 EDT" name="Costco Test Suite" finished-at="2022-07-30T11:35:45 EDT" duration-ms="12381">
    <groups>
      <group name="cucumber">
        <method signature="AbstractTestNGCucumberTests.runScenario(io.cucumber.testng.PickleWrapper,io.cucumber.testng.FeatureWrapper)[pri:0, instance:runner.RegressionTestRunner@327bcebd]" name="runScenario" class="io.cucumber.testng.AbstractTestNGCucumberTests"/>
      </group> <!-- cucumber -->
    </groups>
    <test started-at="2022-07-30T11:35:33 EDT" name="Costco Web Automation" finished-at="2022-07-30T11:35:45 EDT" duration-ms="12381">
      <class name="runner.RegressionTestRunner">
        <test-method is-config="true" signature="setUpClass(org.testng.ITestContext)[pri:0, instance:runner.RegressionTestRunner@327bcebd]" started-at="2022-07-30T11:35:33 EDT" name="setUpClass" finished-at="2022-07-30T11:35:33 EDT" duration-ms="345" status="PASS">
          <params>
            <param index="0">
              <value>
                <![CDATA[org.testng.TestRunner@787988f4]]>
              </value>
            </param>
          </params>
          <reporter-output>
          </reporter-output>
        </test-method> <!-- setUpClass -->
        <test-method signature="runScenario(io.cucumber.testng.PickleWrapper,io.cucumber.testng.FeatureWrapper)[pri:0, instance:runner.RegressionTestRunner@327bcebd]" started-at="2022-07-30T11:35:33 EDT" name="runScenario" description="Runs Cucumber Scenarios" data-provider="scenarios" finished-at="2022-07-30T11:35:40 EDT" duration-ms="6553" status="PASS">
          <params>
            <param index="0">
              <value>
                <![CDATA["Costco search box Functionality Should work with a valid product name."]]>
              </value>
            </param>
            <param index="1">
              <value>
                <![CDATA["SearchBox Functionality"]]>
              </value>
            </param>
          </params>
          <reporter-output>
            <line>
              <![CDATA[Browser : chrome]]>
            </line>
            <line>
              <![CDATA[Url : https://www.costco.com/]]>
            </line>
          </reporter-output>
        </test-method> <!-- runScenario -->
        <test-method signature="runScenario(io.cucumber.testng.PickleWrapper,io.cucumber.testng.FeatureWrapper)[pri:0, instance:runner.RegressionTestRunner@327bcebd]" started-at="2022-07-30T11:35:40 EDT" name="runScenario" description="Runs Cucumber Scenarios" data-provider="scenarios" finished-at="2022-07-30T11:35:44 EDT" duration-ms="4089" status="PASS">
          <params>
            <param index="0">
              <value>
                <![CDATA["Costco search box Functionality Should not work with any invalid product name."]]>
              </value>
            </param>
            <param index="1">
              <value>
                <![CDATA["SearchBox Functionality"]]>
              </value>
            </param>
          </params>
          <reporter-output>
            <line>
              <![CDATA[Browser : chrome]]>
            </line>
            <line>
              <![CDATA[Url : https://www.costco.com/]]>
            </line>
          </reporter-output>
        </test-method> <!-- runScenario -->
        <test-method is-config="true" signature="tearDownClass()[pri:0, instance:runner.RegressionTestRunner@327bcebd]" started-at="2022-07-30T11:35:44 EDT" name="tearDownClass" finished-at="2022-07-30T11:35:45 EDT" duration-ms="1360" status="PASS">
          <reporter-output>
          </reporter-output>
        </test-method> <!-- tearDownClass -->
      </class> <!-- runner.RegressionTestRunner -->
    </test> <!-- Costco Web Automation -->
  </suite> <!-- Costco Test Suite -->
</testng-results>
