<?xml version="1.0" encoding="UTF-8"?>
<!-- Generated by org.testng.reporters.JUnitXMLReporter -->
<testsuite ignored="0" hostname="LAPTOP-ET2FO7CJ" failures="0" tests="2" name="Costco Web Automation" time="12.381" errors="0" timestamp="2022-07-30T11:35:45 EDT">
  <testcase classname="io.cucumber.testng.AbstractTestNGCucumberTests" name="runScenario" time="6.553"/>
  <testcase classname="io.cucumber.testng.AbstractTestNGCucumberTests" name="runScenario" time="4.089"/>
</testsuite> <!-- Costco Web Automation -->
